02/02/2023 11:58:56 INICIANDO...
02/02/2023 11:58:56 2.9.0.1
02/02/2023 11:58:56 Usuário: Marques(Administrador)
02/02/2023 11:58:56 Versão do Sistema Operacional: 6.2.9200
02/02/2023 11:58:56 64 Bits: true
02/02/2023 11:58:56 Versão do Firefox.  ( 0.7 )
02/02/2023 11:58:56 UAC: Ativado
02/02/2023 11:58:56 Verificando se Mozilla Firefox está instalado...
02/02/2023 11:58:56 Mozilla Firefox não instalado.
02/02/2023 11:58:56 [Ativação de segurança no navegador] Verificando...
02/02/2023 11:58:56 [Ativação de segurança no navegador] Ativando Transport Layer Security (TLS)
02/02/2023 11:58:56 [Ativação de segurança no navegador] Ok.
02/02/2023 11:58:56 [Verificação de página autêntica] Verificando...
02/02/2023 11:58:56 [Verificação de página autêntica] Ok.
02/02/2023 11:58:56 [Instalação de certificados raíz] Verificando...
02/02/2023 11:58:56 [Instalação de certificados raíz] Efetuando download do instalador...
02/02/2023 11:58:58 [Instalação de certificados raíz] Instalando...
02/02/2023 11:58:58 [Instalação de certificados raíz] Ok.
02/02/2023 11:58:58 [Verificação de Segurança de aplicações] Verificando...
02/02/2023 11:58:58 [Verificação de Segurança de aplicações] Ok.
02/02/2023 11:58:58 [Limpeza do cache no Internet Explorer] Verificando...
02/02/2023 11:58:58 [Limpeza do cache no Internet Explorer] Limpando...
02/02/2023 11:58:58 [Limpeza do cache no Internet Explorer] Ok.
02/02/2023 11:58:58 [Instalação do Warsaw] Verificando...
02/02/2023 11:58:58 [Instalação do Warsaw] Efetuando download do instalador...
02/02/2023 11:59:06 [Instalação do Warsaw] Instalando...
02/02/2023 11:59:20 [Instalação do Warsaw] Ok.
02/02/2023 11:59:20 [Verificação de funcionamento] Verificando...
02/02/2023 11:59:20 [Verificação de funcionamento] Ok.
02/02/2023 11:59:20 [Instalando cliente do Warsaw] Verificando...
02/02/2023 11:59:36 [Instalando cliente do Warsaw] Ok.
02/02/2023 11:59:36 [Ajustando ambiente] Verificando...
02/02/2023 11:59:36 [Ajustando ambiente] Ok.
02/02/2023 11:59:36 [Atualizando listas] Verificando...
02/02/2023 11:59:36 [Atualizando listas] Ok.
02/02/2023 11:59:36 [Concluindo execucao] Verificando...
02/02/2023 11:59:38 [Concluindo execucao] CONCLUÍDO.
02/02/2023 11:59:38 CONCLUÍDO.
02/02/2023 12:11:59 INICIANDO...
02/02/2023 12:11:59 2.9.0.1
02/02/2023 12:11:59 Usuário: Marques(Administrador)
02/02/2023 12:11:59 Versão do Sistema Operacional: 6.2.9200
02/02/2023 12:11:59 64 Bits: true
02/02/2023 12:11:59 Versão do Firefox.  ( 0.7 )
02/02/2023 12:11:59 UAC: Ativado
02/02/2023 12:11:59 Verificando se Mozilla Firefox está instalado...
02/02/2023 12:11:59 Mozilla Firefox não instalado.
02/02/2023 12:11:59 [Ativação de segurança no navegador] Verificando...
02/02/2023 12:11:59 [Ativação de segurança no navegador] Ativando Transport Layer Security (TLS)
02/02/2023 12:11:59 [Ativação de segurança no navegador] Ok.
02/02/2023 12:11:59 [Verificação de página autêntica] Verificando...
02/02/2023 12:11:59 [Verificação de página autêntica] Ok.
02/02/2023 12:11:59 [Instalação de certificados raíz] Verificando...
02/02/2023 12:11:59 [Instalação de certificados raíz] Efetuando download do instalador...
02/02/2023 12:12:09 [Instalação de certificados raíz] Ocorreu um problema durante o download. - 12007 [1]
02/02/2023 12:12:09 [Verificação de Segurança de aplicações] Verificando...
02/02/2023 12:12:09 [Verificação de Segurança de aplicações] Ok.
02/02/2023 12:12:09 [Limpeza do cache no Internet Explorer] Verificando...
02/02/2023 12:12:09 [Limpeza do cache no Internet Explorer] Limpando...
02/02/2023 12:12:09 [Limpeza do cache no Internet Explorer] Ok.
02/02/2023 12:12:09 [Instalação do Warsaw] Verificando...
02/02/2023 12:12:14 [Instalação do Warsaw] Efetuando download do instalador...
02/02/2023 12:12:17 [Instalação do Warsaw] Ocorreu um problema durante o download. - 12007 [1]
02/02/2023 12:12:17 [Verificação de funcionamento] Verificando...
02/02/2023 12:12:17 [Verificação de funcionamento] Ok.
02/02/2023 12:12:17 [Instalando cliente do Warsaw] Verificando...
02/02/2023 12:12:20 [Instalando cliente do Warsaw] Ok.
02/02/2023 12:12:20 [Ajustando ambiente] Verificando...
02/02/2023 12:12:20 [Ajustando ambiente] Ok.
02/02/2023 12:12:20 [Atualizando listas] Verificando...
02/02/2023 12:12:21 [Atualizando listas] Ok.
02/02/2023 12:12:21 [Concluindo execucao] Verificando...
02/02/2023 12:12:23 [Concluindo execucao] CONCLUÍDO.
02/02/2023 12:12:23 Foram detectados problemas durante a execução do processo.
02/02/2023 12:12:23 CONCLUÍDO.
